2025-06-28 11:48:28,415 - root - INFO - Starting face detection service
2025-06-28 11:48:34,127 - face_detection.detector - INFO - Detected st001 (Matches: 29)
2025-06-28 11:48:35,807 - face_detection.attendance - INFO - Attendance recorded for st001
2025-06-28 11:49:41,159 - face_detection.detector - INFO - Detected st104 (Matches: 31)
2025-06-28 11:49:41,643 - face_detection.attendance - WARNING - No session found for st104 on 2025-06-28
2025-06-28 11:52:39,943 - face_detection.detector - INFO - Detected st114 (Matches: 21)
2025-06-28 11:52:40,658 - face_detection.attendance - WARNING - No session found for st114 on 2025-06-28
2025-06-28 11:54:16,818 - root - WARNING - Camera error: Failed to read frame. Reconnecting...
2025-06-28 12:18:14,363 - face_detection.detector - ERROR - Error processing frame: OpenCV(4.11.0) D:\a\opencv-python\opencv-python\opencv\modules\flann\src\miniflann.cpp:521: error: (-215:Assertion failed) (size_t)knn <= index_->size() in function 'cv::flann::runKnnSearch_'

2025-06-28 12:18:14,366 - root - WARNING - Attempt 1 failed: OpenCV(4.11.0) D:\a\opencv-python\opencv-python\opencv\modules\flann\src\miniflann.cpp:521: error: (-215:Assertion failed) (size_t)knn <= index_->size() in function 'cv::flann::runKnnSearch_'
. Retrying in 1 seconds...
2025-06-28 12:18:15,425 - face_detection.detector - ERROR - Error processing frame: OpenCV(4.11.0) D:\a\opencv-python\opencv-python\opencv\modules\flann\src\miniflann.cpp:521: error: (-215:Assertion failed) (size_t)knn <= index_->size() in function 'cv::flann::runKnnSearch_'

2025-06-28 12:18:15,425 - root - WARNING - Attempt 2 failed: OpenCV(4.11.0) D:\a\opencv-python\opencv-python\opencv\modules\flann\src\miniflann.cpp:521: error: (-215:Assertion failed) (size_t)knn <= index_->size() in function 'cv::flann::runKnnSearch_'
. Retrying in 2 seconds...
2025-06-28 12:18:17,479 - face_detection.detector - ERROR - Error processing frame: OpenCV(4.11.0) D:\a\opencv-python\opencv-python\opencv\modules\flann\src\miniflann.cpp:521: error: (-215:Assertion failed) (size_t)knn <= index_->size() in function 'cv::flann::runKnnSearch_'

2025-06-28 13:48:36,252 - photo_downloader - INFO - Starting photo download and feature extraction process
2025-06-28 13:48:36,252 - face_detection.downloader - INFO - Starting photo download and feature extraction
2025-06-28 13:48:37,956 - face_detection.downloader - INFO - Retrieved 15 students from database
2025-06-28 13:48:38,107 - face_detection.downloader - INFO - Progress: 10/15 (66.7%) | Success: 10 | Failed: 0
2025-06-28 13:48:38,108 - face_detection.downloader - INFO - Progress: 15/15 (100.0%) | Success: 15 | Failed: 0
2025-06-28 13:48:38,108 - face_detection.downloader - INFO - Process completed. Success: 15/15 (100.0%)
2025-06-28 13:48:38,108 - photo_downloader - INFO - Photo download and feature extraction completed successfully
2025-06-28 13:49:16,177 - root - INFO - Starting face detection service
2025-06-28 13:49:54,925 - face_detection.detector - INFO - Detected st001 (Matches: 61)
2025-06-28 13:49:58,761 - face_detection.attendance - INFO - Attendance recorded for st001
2025-06-28 13:59:55,004 - face_detection.detector - INFO - Detected st104 (Matches: 29)
2025-06-28 13:59:55,446 - face_detection.attendance - WARNING - No session found for st104 on 2025-06-28
2025-06-28 14:44:55,841 - root - INFO - Starting face detection service
2025-06-28 14:45:09,599 - face_detection.detector - INFO - Detected st001 (Matches: 60)
2025-06-28 14:45:11,129 - face_detection.attendance - INFO - Attendance recorded for st001
2025-06-28 20:10:38,139 - photo_downloader - INFO - Starting photo download and feature extraction process
2025-06-28 20:10:38,141 - face_detection.downloader - INFO - Starting photo download and feature extraction
2025-06-28 20:10:39,584 - face_detection.downloader - INFO - Retrieved 15 students from database
2025-06-28 20:10:39,742 - face_detection.downloader - INFO - Processing student: st001
2025-06-28 20:10:40,758 - face_detection.downloader - INFO - Processing student: st002
2025-06-28 20:10:41,118 - face_detection.downloader - INFO - Processing student: st003
2025-06-28 20:10:41,406 - face_detection.downloader - INFO - Processing student: st004
2025-06-28 20:10:41,729 - face_detection.downloader - INFO - Processing student: st005
2025-06-28 20:10:42,134 - face_detection.downloader - INFO - Processing student: st101
2025-06-28 20:10:42,477 - face_detection.downloader - INFO - Processing student: st102
2025-06-28 20:10:43,731 - face_detection.downloader - INFO - Processing student: st103
2025-06-28 20:10:44,928 - face_detection.downloader - INFO - Processing student: st104
2025-06-28 20:10:46,104 - face_detection.downloader - INFO - Processing student: st105
2025-06-28 20:10:47,120 - face_detection.downloader - INFO - Progress: 10/15 (66.7%) | Success: 10 | Failed: 0
2025-06-28 20:10:47,121 - face_detection.downloader - INFO - Processing student: st111
2025-06-28 20:10:47,411 - face_detection.downloader - INFO - Processing student: st112
2025-06-28 20:10:48,611 - face_detection.downloader - INFO - Processing student: st113
2025-06-28 20:10:49,727 - face_detection.downloader - INFO - Processing student: st114
2025-06-28 20:10:50,776 - face_detection.downloader - INFO - Processing student: st115
2025-06-28 20:10:51,776 - face_detection.downloader - INFO - Progress: 15/15 (100.0%) | Success: 15 | Failed: 0
2025-06-28 20:10:51,776 - face_detection.downloader - INFO - Process completed. Success: 15/15 (100.0%)
2025-06-28 20:10:51,776 - photo_downloader - INFO - Photo download and feature extraction completed successfully
2025-06-28 20:14:02,533 - root - INFO - Starting face detection service
2025-06-28 20:14:48,764 - face_detection.detector - INFO - Detected st001 (Matches: 58)
2025-06-28 20:14:50,715 - face_detection.attendance - INFO - Attendance recorded for st001
2025-06-28 20:20:43,586 - face_detection.detector - INFO - Detected st104 (Matches: 27)
2025-06-28 20:20:43,838 - face_detection.attendance - WARNING - No session found for st104 on 2025-06-28
2025-06-28 20:26:51,132 - face_detection.detector - INFO - Detected st112 (Matches: 77)
2025-06-28 20:26:51,353 - face_detection.attendance - WARNING - No session found for st112 on 2025-06-28
2025-06-28 20:32:19,771 - root - INFO - Starting face detection service
2025-06-28 20:32:26,770 - face_detection.detector - INFO - Detected st001 (Matches: 43)
2025-06-28 20:32:28,136 - face_detection.attendance - INFO - Attendance recorded for st001 at local time
2025-06-28 20:32:59,582 - face_detection.detector - ERROR - Error processing frame: OpenCV(4.11.0) D:\a\opencv-python\opencv-python\opencv\modules\flann\src\miniflann.cpp:521: error: (-215:Assertion failed) (size_t)knn <= index_->size() in function 'cv::flann::runKnnSearch_'

2025-06-28 20:32:59,582 - root - WARNING - Attempt 1 failed: OpenCV(4.11.0) D:\a\opencv-python\opencv-python\opencv\modules\flann\src\miniflann.cpp:521: error: (-215:Assertion failed) (size_t)knn <= index_->size() in function 'cv::flann::runKnnSearch_'
. Retrying in 1 seconds...
2025-06-28 20:33:00,736 - face_detection.detector - ERROR - Error processing frame: OpenCV(4.11.0) D:\a\opencv-python\opencv-python\opencv\modules\flann\src\miniflann.cpp:521: error: (-215:Assertion failed) (size_t)knn <= index_->size() in function 'cv::flann::runKnnSearch_'

2025-06-28 20:33:00,737 - root - WARNING - Attempt 2 failed: OpenCV(4.11.0) D:\a\opencv-python\opencv-python\opencv\modules\flann\src\miniflann.cpp:521: error: (-215:Assertion failed) (size_t)knn <= index_->size() in function 'cv::flann::runKnnSearch_'
. Retrying in 2 seconds...
2025-06-28 20:33:02,879 - face_detection.detector - ERROR - Error processing frame: OpenCV(4.11.0) D:\a\opencv-python\opencv-python\opencv\modules\flann\src\miniflann.cpp:521: error: (-215:Assertion failed) (size_t)knn <= index_->size() in function 'cv::flann::runKnnSearch_'

2025-06-28 20:33:54,735 - root - INFO - Starting face detection service
2025-06-29 16:10:48,470 - root - INFO - Starting face detection service
2025-06-29 16:13:58,245 - root - INFO - Starting face detection service
2025-06-29 16:14:18,257 - face_detection.detector - INFO - Detected st001 (Matches: 30)
2025-06-29 16:14:22,143 - face_detection.attendance - INFO - Attendance recorded for st001 at local time
2025-06-29 16:20:19,085 - face_detection.detector - INFO - Detected st104 (Matches: 43)
2025-06-29 16:20:19,248 - face_detection.attendance - WARNING - No session found for st104 on 2025-06-29
2025-06-29 16:25:42,960 - face_detection.detector - INFO - Detected st112 (Matches: 88)
2025-06-29 16:25:43,530 - face_detection.attendance - WARNING - No session found for st112 on 2025-06-29
2025-06-29 16:35:29,486 - root - INFO - Starting face detection service
2025-06-29 16:36:39,634 - face_detection.detector - INFO - Detected st001 (Matches: 43)
2025-06-29 16:36:40,952 - face_detection.attendance - INFO - Attendance recorded for st001 at UTC timestamp
2025-06-29 16:39:57,237 - root - INFO - Starting face detection service
2025-06-29 16:40:35,776 - face_detection.detector - INFO - Detected st001 (Matches: 41)
2025-06-29 16:40:36,931 - face_detection.attendance - INFO - Attendance recorded for st001 at UTC timestamp
2025-06-29 16:42:53,998 - root - INFO - Starting face detection service
2025-06-29 16:43:00,306 - face_detection.detector - INFO - Detected st001 (Matches: 31)
2025-06-29 16:43:03,688 - face_detection.attendance - INFO - Attendance recorded for st001 at UTC timestamp
2025-06-29 16:56:11,686 - photo_downloader - INFO - Starting photo download and feature extraction process
2025-06-29 16:56:11,686 - face_detection.downloader - INFO - Starting photo download and feature extraction
2025-06-29 16:56:12,725 - face_detection.downloader - INFO - Retrieved 15 students from database
2025-06-29 16:56:12,859 - face_detection.downloader - INFO - Progress: 10/15 (66.7%) | Success: 10 | Failed: 0
2025-06-29 16:56:12,859 - face_detection.downloader - INFO - Progress: 15/15 (100.0%) | Success: 15 | Failed: 0
2025-06-29 16:56:12,859 - face_detection.downloader - INFO - Process completed. Success: 15/15 (100.0%)
2025-06-29 16:56:12,859 - photo_downloader - INFO - Photo download and feature extraction completed successfully
2025-06-29 16:58:32,356 - root - WARNING - Attempt 1 failed: name 'cv2' is not defined. Retrying in 2 seconds...
2025-06-29 16:58:34,363 - root - WARNING - Attempt 2 failed: name 'cv2' is not defined. Retrying in 4 seconds...
2025-06-29 16:58:38,378 - root - WARNING - Attempt 3 failed: name 'cv2' is not defined. Retrying in 8 seconds...
2025-06-29 16:58:46,390 - root - WARNING - Attempt 4 failed: name 'cv2' is not defined. Retrying in 16 seconds...
2025-06-29 17:00:59,219 - root - INFO - Starting face detection service (headless mode)
2025-06-29 17:01:48,887 - face_detection.detector - INFO - Detected st001 (Matches: 71)
2025-06-29 17:01:52,736 - face_detection.attendance - INFO - Attendance recorded for st001 at 'Asia/Jakarta' timestamp
2025-06-29 17:01:53,462 - face_detection.detector - INFO - Detected st001 (Matches: 11)
2025-06-29 17:01:53,726 - face_detection.detector - INFO - Detected st001 (Matches: 51)
2025-06-29 17:01:53,978 - face_detection.detector - INFO - Detected st001 (Matches: 16)
2025-06-29 17:01:54,240 - face_detection.detector - INFO - Detected st001 (Matches: 17)
2025-06-29 17:01:54,504 - face_detection.detector - INFO - Detected st001 (Matches: 12)
2025-06-29 17:01:54,746 - face_detection.detector - INFO - Detected st001 (Matches: 26)
2025-06-29 17:01:54,998 - face_detection.detector - INFO - Detected st001 (Matches: 13)
2025-06-29 17:01:55,256 - face_detection.detector - INFO - Detected st001 (Matches: 22)
2025-06-29 17:02:08,042 - face_detection.detector - INFO - Detected st001 (Matches: 19)
2025-06-29 17:02:08,560 - face_detection.detector - INFO - Detected st001 (Matches: 28)
2025-06-29 17:02:09,030 - face_detection.detector - INFO - Detected st001 (Matches: 47)
2025-06-29 17:03:44,592 - face_detection.detector - ERROR - Error processing frame: OpenCV(4.11.0) D:\a\opencv-python\opencv-python\opencv\modules\flann\src\miniflann.cpp:521: error: (-215:Assertion failed) (size_t)knn <= index_->size() in function 'cv::flann::runKnnSearch_'

2025-06-29 17:03:44,593 - root - WARNING - Attempt 1 failed: OpenCV(4.11.0) D:\a\opencv-python\opencv-python\opencv\modules\flann\src\miniflann.cpp:521: error: (-215:Assertion failed) (size_t)knn <= index_->size() in function 'cv::flann::runKnnSearch_'
. Retrying in 1 seconds...
2025-06-29 17:03:45,690 - face_detection.detector - ERROR - Error processing frame: OpenCV(4.11.0) D:\a\opencv-python\opencv-python\opencv\modules\flann\src\miniflann.cpp:521: error: (-215:Assertion failed) (size_t)knn <= index_->size() in function 'cv::flann::runKnnSearch_'

2025-06-29 17:03:45,690 - root - WARNING - Attempt 2 failed: OpenCV(4.11.0) D:\a\opencv-python\opencv-python\opencv\modules\flann\src\miniflann.cpp:521: error: (-215:Assertion failed) (size_t)knn <= index_->size() in function 'cv::flann::runKnnSearch_'
. Retrying in 2 seconds...
2025-06-29 17:03:47,768 - face_detection.detector - ERROR - Error processing frame: OpenCV(4.11.0) D:\a\opencv-python\opencv-python\opencv\modules\flann\src\miniflann.cpp:521: error: (-215:Assertion failed) (size_t)knn <= index_->size() in function 'cv::flann::runKnnSearch_'

2025-06-29 17:06:35,790 - root - INFO - Starting face detection service (headless mode)
2025-06-29 17:13:48,461 - face_detection.detector - INFO - Detected st001 (Matches: 136)
2025-06-29 17:13:52,406 - face_detection.attendance - INFO - Attendance recorded for st001 at 'Asia/Jakarta' timestamp
2025-06-29 17:13:53,227 - face_detection.detector - INFO - Detected st001 (Matches: 72)
2025-06-29 17:13:53,517 - face_detection.detector - INFO - Detected st001 (Matches: 15)
2025-06-29 17:15:21,401 - face_detection.detector - INFO - Detected st001 (Matches: 19)
2025-06-29 17:16:32,749 - face_detection.detector - INFO - Detected st001 (Matches: 30)
2025-06-29 17:16:33,155 - face_detection.detector - INFO - Detected st001 (Matches: 28)
2025-06-29 17:23:23,586 - face_detection.detector - INFO - Detected st001 (Matches: 40)
2025-06-29 17:23:23,955 - face_detection.detector - INFO - Detected st001 (Matches: 60)
2025-06-29 17:24:55,876 - face_detection.detector - INFO - Detected st001 (Matches: 30)
2025-06-29 17:24:56,446 - face_detection.detector - INFO - Detected st001 (Matches: 28)
2025-06-29 17:25:21,986 - face_detection.detector - INFO - Detected st001 (Matches: 34)
2025-06-29 17:25:29,645 - face_detection.detector - INFO - Detected st001 (Matches: 16)
2025-06-29 17:25:30,125 - face_detection.detector - INFO - Detected st001 (Matches: 19)
2025-06-29 17:31:26,912 - face_detection.detector - INFO - Detected st001 (Matches: 20)
2025-06-29 17:31:27,682 - face_detection.detector - INFO - Detected st001 (Matches: 37)
2025-06-29 17:41:41,090 - root - WARNING - Attempt 1 failed: Failed to connect to camera at http://192.168.185.177:81/stream. Retrying in 2 seconds...
2025-06-29 17:41:44,599 - root - WARNING - Camera error: Failed to read frame. Reconnecting...
2025-06-29 17:45:44,501 - root - WARNING - Camera error: Failed to read frame. Reconnecting...
2025-06-29 17:46:28,176 - face_detection.detector - INFO - Detected st001 (Matches: 45)
2025-06-29 17:47:56,652 - face_detection.detector - INFO - Detected st112 (Matches: 80)
2025-06-29 17:47:58,948 - face_detection.attendance - WARNING - No session found for st112 on 2025-06-29
2025-06-29 17:47:59,554 - face_detection.detector - INFO - Detected st112 (Matches: 65)
2025-06-29 17:47:59,708 - face_detection.detector - INFO - Detected st112 (Matches: 49)
2025-06-29 17:48:09,221 - face_detection.detector - INFO - Detected st112 (Matches: 124)
2025-06-29 17:48:09,742 - face_detection.detector - INFO - Detected st112 (Matches: 75)
2025-06-29 17:48:10,431 - face_detection.detector - INFO - Detected st112 (Matches: 97)
2025-06-29 17:48:11,129 - face_detection.detector - INFO - Detected st112 (Matches: 153)
2025-06-29 17:48:11,467 - face_detection.detector - INFO - Detected st112 (Matches: 102)
2025-06-29 17:48:12,218 - face_detection.detector - INFO - Detected st112 (Matches: 23)
2025-06-29 17:48:12,702 - face_detection.detector - INFO - Detected st112 (Matches: 57)
2025-06-29 17:48:13,086 - face_detection.detector - INFO - Detected st112 (Matches: 186)
2025-06-29 17:48:13,572 - face_detection.detector - INFO - Detected st112 (Matches: 143)
2025-06-29 17:48:14,352 - face_detection.detector - INFO - Detected st112 (Matches: 125)
2025-06-29 17:49:16,813 - root - INFO - Shutting down gracefully
2025-06-29 20:02:09,058 - root - INFO - Starting face detection service (headless mode)
2025-06-29 20:02:13,516 - root - INFO - Shutting down gracefully
2025-06-29 20:14:15,155 - root - INFO - Starting face detection service (headless mode)
2025-06-29 20:15:43,803 - face_detection.detector - INFO - Detected st001 (Matches: 25)
2025-06-29 20:15:45,439 - face_detection.attendance - INFO - Attendance recorded for st001 at 'Asia/Jakarta' timestamp
2025-06-29 20:17:00,686 - face_detection.detector - INFO - Detected st001 (Matches: 46)
2025-06-29 20:17:16,974 - root - INFO - Shutting down gracefully
2025-06-29 20:18:22,655 - root - INFO - Starting face detection service (headless mode)
2025-06-29 20:26:34,500 - root - INFO - Shutting down gracefully
2025-06-29 20:26:42,741 - root - INFO - Starting face detection service (headless mode)
2025-06-29 20:27:26,868 - face_detection.detector - INFO - Detected st001 (Matches: 21)
2025-06-29 20:27:30,498 - face_detection.attendance - INFO - Attendance recorded for st001 at 'Asia/Jakarta' timestamp
2025-06-29 20:27:31,266 - face_detection.detector - INFO - Detected st001 (Matches: 39)
2025-06-29 20:28:38,925 - face_detection.detector - INFO - Detected st001 (Matches: 17)
2025-06-29 20:28:53,830 - face_detection.detector - INFO - Detected st001 (Matches: 39)
2025-06-29 20:29:04,370 - root - INFO - Shutting down gracefully
2025-06-29 20:29:37,610 - root - INFO - Starting face detection service (headless mode)
2025-06-29 20:30:23,382 - root - INFO - Shutting down gracefully
2025-06-29 13:37:17,449 - root - INFO - Starting face detection service (headless mode)
2025-06-29 13:38:15,360 - face_detection.detector - INFO - Detected st001 (Matches: 35)
2025-06-29 13:38:19,297 - face_detection.attendance - INFO - Attendance recorded for st001 at 'Asia/Jakarta' timestamp
2025-06-29 13:38:20,379 - face_detection.detector - INFO - Detected st001 (Matches: 53)
2025-06-29 13:38:20,702 - face_detection.detector - INFO - Detected st001 (Matches: 49)
2025-06-29 13:38:48,157 - face_detection.detector - INFO - Detected st001 (Matches: 19)
2025-06-29 13:38:48,701 - face_detection.detector - INFO - Detected st001 (Matches: 17)
2025-06-29 13:39:06,581 - face_detection.detector - INFO - Detected st001 (Matches: 16)
2025-06-29 13:40:03,538 - face_detection.detector - INFO - Detected st001 (Matches: 81)
2025-06-29 13:40:04,570 - face_detection.detector - INFO - Detected st001 (Matches: 14)
2025-06-29 13:40:04,918 - face_detection.detector - INFO - Detected st001 (Matches: 25)
2025-06-29 13:40:40,855 - face_detection.detector - INFO - Detected st001 (Matches: 16)
2025-06-29 13:40:41,421 - face_detection.detector - INFO - Detected st001 (Matches: 34)
2025-06-29 13:40:42,040 - face_detection.detector - INFO - Detected st001 (Matches: 31)
2025-06-29 13:40:42,523 - face_detection.detector - INFO - Detected st001 (Matches: 34)
2025-06-29 13:40:51,568 - face_detection.detector - INFO - Detected st001 (Matches: 102)
2025-06-29 13:40:52,172 - face_detection.detector - INFO - Detected st001 (Matches: 61)
2025-06-29 13:40:52,842 - face_detection.detector - INFO - Detected st001 (Matches: 137)
2025-06-29 13:40:53,542 - face_detection.detector - INFO - Detected st001 (Matches: 62)
2025-06-29 13:40:54,306 - face_detection.detector - INFO - Detected st001 (Matches: 90)
2025-06-29 13:40:54,897 - face_detection.detector - INFO - Detected st001 (Matches: 37)
2025-06-29 13:40:55,557 - face_detection.detector - INFO - Detected st001 (Matches: 50)
2025-06-29 13:41:16,355 - face_detection.detector - INFO - Detected st001 (Matches: 29)
2025-06-29 13:41:17,143 - face_detection.detector - INFO - Detected st001 (Matches: 76)
2025-06-29 13:41:18,058 - face_detection.detector - INFO - Detected st001 (Matches: 63)
2025-06-30 16:23:58,980 - root - WARNING - Attempt 1 failed: Failed to connect to camera at http://192.168.185.177:81/stream. Retrying in 2 seconds...
2025-06-30 16:24:30,994 - root - WARNING - Attempt 2 failed: Failed to connect to camera at http://192.168.185.177:81/stream. Retrying in 4 seconds...
2025-06-30 16:25:05,048 - root - WARNING - Attempt 3 failed: Failed to connect to camera at http://192.168.185.177:81/stream. Retrying in 8 seconds...
2025-06-30 16:25:43,100 - root - WARNING - Attempt 4 failed: Failed to connect to camera at http://192.168.185.177:81/stream. Retrying in 16 seconds...
2025-06-30 16:26:19,187 - root - INFO - Starting face detection service (headless mode)
2025-06-30 16:27:04,124 - face_detection.detector - INFO - Detected st001 (Matches: 31)
2025-06-30 16:27:05,634 - face_detection.attendance - WARNING - No session found for st001 on 2025-06-30
2025-06-30 16:27:06,124 - face_detection.detector - INFO - Detected st001 (Matches: 22)
2025-06-30 16:27:06,466 - face_detection.detector - INFO - Detected st001 (Matches: 45)
2025-06-30 16:27:06,773 - face_detection.detector - INFO - Detected st001 (Matches: 13)
2025-06-30 16:27:07,099 - face_detection.detector - INFO - Detected st001 (Matches: 26)
2025-06-30 16:27:07,417 - face_detection.detector - INFO - Detected st001 (Matches: 91)
2025-06-30 16:27:07,720 - face_detection.detector - INFO - Detected st001 (Matches: 37)
2025-06-30 16:27:08,033 - face_detection.detector - INFO - Detected st001 (Matches: 49)
2025-06-30 16:27:17,279 - face_detection.detector - INFO - Detected st001 (Matches: 28)
2025-06-30 16:27:18,295 - face_detection.detector - INFO - Detected st001 (Matches: 40)
2025-06-30 16:28:06,874 - face_detection.detector - INFO - Detected st001 (Matches: 20)
2025-06-30 16:28:29,715 - face_detection.detector - INFO - Detected st001 (Matches: 27)
2025-06-30 16:28:32,737 - root - INFO - Shutting down gracefully
2025-06-30 16:29:49,816 - root - WARNING - Attempt 1 failed: Failed to connect to camera at http://13.213.61.152/stream. Retrying in 2 seconds...
2025-06-30 16:30:21,844 - root - WARNING - Attempt 2 failed: Failed to connect to camera at http://13.213.61.152/stream. Retrying in 4 seconds...
2025-06-30 16:30:55,953 - root - WARNING - Attempt 3 failed: Failed to connect to camera at http://13.213.61.152/stream. Retrying in 8 seconds...
2025-06-30 16:31:34,019 - root - WARNING - Attempt 4 failed: Failed to connect to camera at http://13.213.61.152/stream. Retrying in 16 seconds...
2025-06-30 16:31:55,388 - root - INFO - Starting face detection service (headless mode)
2025-06-30 16:32:31,555 - face_detection.detector - INFO - Detected st001 (Matches: 72)
2025-06-30 16:32:33,398 - face_detection.attendance - WARNING - No session found for st001 on 2025-06-30
2025-06-30 16:32:38,986 - face_detection.detector - INFO - Detected st104 (Matches: 34)
2025-06-30 16:32:39,626 - face_detection.attendance - WARNING - No session found for st104 on 2025-06-30
2025-06-30 16:32:42,617 - face_detection.detector - INFO - Detected st104 (Matches: 40)
2025-06-30 16:32:45,290 - face_detection.detector - INFO - Detected st104 (Matches: 34)
2025-06-30 16:32:51,932 - face_detection.detector - INFO - Detected st104 (Matches: 67)
2025-06-30 16:32:56,162 - face_detection.detector - INFO - Detected st104 (Matches: 60)
2025-06-30 16:32:58,556 - face_detection.detector - INFO - Detected st104 (Matches: 10)
2025-06-30 16:33:07,333 - face_detection.detector - INFO - Detected st102 (Matches: 15)
2025-06-30 16:33:07,566 - face_detection.attendance - WARNING - No session found for st102 on 2025-06-30
2025-06-30 16:33:51,995 - face_detection.detector - INFO - Detected st112 (Matches: 82)
2025-06-30 16:33:52,200 - face_detection.attendance - WARNING - No session found for st112 on 2025-06-30
2025-06-30 16:34:50,008 - root - INFO - Shutting down gracefully
